
*** Running vivado
    with args -log blk_mem_gen_0.vds -m64 -product Vivado -mode batch -messageDb vivado.pb -notrace -source blk_mem_gen_0.tcl


****** Vivado v2017.2 (64-bit)
  **** SW Build 1909853 on Thu Jun 15 18:39:10 MDT 2017
  **** IP Build 1909766 on Thu Jun 15 19:58:00 MDT 2017
    ** Copyright 1986-2017 Xilinx, Inc. All Rights Reserved.

source blk_mem_gen_0.tcl -notrace
Starting RTL Elaboration : Time (s): cpu = 00:00:04 ; elapsed = 00:00:05 . Memory (MB): peak = 1189.465 ; gain = 70.996 ; free physical = 391 ; free virtual = 4843
INFO: [Synth 8-638] synthesizing module 'blk_mem_gen_0' [/home/matthew/Matthew/UCT/2020/Embedded3/Image-Masking-Accelerator/vga_controller/picture_display/vga.srcs/sources_1/ip/blk_mem_gen_0/synth/blk_mem_gen_0.vhd:70]
INFO: [Synth 8-256] done synthesizing module 'blk_mem_gen_0' (11#1) [/home/matthew/Matthew/UCT/2020/Embedded3/Image-Masking-Accelerator/vga_controller/picture_display/vga.srcs/sources_1/ip/blk_mem_gen_0/synth/blk_mem_gen_0.vhd:70]
Finished RTL Elaboration : Time (s): cpu = 00:01:07 ; elapsed = 00:01:08 . Memory (MB): peak = 1408.863 ; gain = 290.395 ; free physical = 336 ; free virtual = 4795
Finished RTL Optimization Phase 1 : Time (s): cpu = 00:01:07 ; elapsed = 00:01:09 . Memory (MB): peak = 1408.863 ; gain = 290.395 ; free physical = 342 ; free virtual = 4801
INFO: [Device 21-403] Loading part xc7a100tcsg324-1
Constraint Validation Runtime : Time (s): cpu = 00:00:00.06 ; elapsed = 00:00:00.14 . Memory (MB): peak = 1626.902 ; gain = 0.000 ; free physical = 133 ; free virtual = 4579
Finished Constraint Validation : Time (s): cpu = 00:01:16 ; elapsed = 00:01:20 . Memory (MB): peak = 1626.902 ; gain = 508.434 ; free physical = 215 ; free virtual = 4660
Finished Loading Part and Timing Information : Time (s): cpu = 00:01:16 ; elapsed = 00:01:20 . Memory (MB): peak = 1626.902 ; gain = 508.434 ; free physical = 215 ; free virtual = 4660
Finished applying 'set_property' XDC Constraints : Time (s): cpu = 00:01:17 ; elapsed = 00:01:21 . Memory (MB): peak = 1626.902 ; gain = 508.434 ; free physical = 215 ; free virtual = 4660
Finished RTL Optimization Phase 2 : Time (s): cpu = 00:01:17 ; elapsed = 00:01:22 . Memory (MB): peak = 1626.902 ; gain = 508.434 ; free physical = 204 ; free virtual = 4652
Finished Cross Boundary and Area Optimization : Time (s): cpu = 00:01:18 ; elapsed = 00:01:23 . Memory (MB): peak = 1626.902 ; gain = 508.434 ; free physical = 192 ; free virtual = 4641
Finished Applying XDC Timing Constraints : Time (s): cpu = 00:01:24 ; elapsed = 00:01:29 . Memory (MB): peak = 1626.902 ; gain = 508.434 ; free physical = 122 ; free virtual = 4492
Finished Timing Optimization : Time (s): cpu = 00:01:24 ; elapsed = 00:01:29 . Memory (MB): peak = 1626.902 ; gain = 508.434 ; free physical = 134 ; free virtual = 4490
Finished Technology Mapping : Time (s): cpu = 00:01:24 ; elapsed = 00:01:29 . Memory (MB): peak = 1626.902 ; gain = 508.434 ; free physical = 131 ; free virtual = 4488
Finished IO Insertion : Time (s): cpu = 00:01:24 ; elapsed = 00:01:30 . Memory (MB): peak = 1626.902 ; gain = 508.434 ; free physical = 140 ; free virtual = 4486
Finished Renaming Generated Instances : Time (s): cpu = 00:01:24 ; elapsed = 00:01:30 . Memory (MB): peak = 1626.902 ; gain = 508.434 ; free physical = 140 ; free virtual = 4486
Finished Rebuilding User Hierarchy : Time (s): cpu = 00:01:24 ; elapsed = 00:01:30 . Memory (MB): peak = 1626.902 ; gain = 508.434 ; free physical = 123 ; free virtual = 4469
Finished Renaming Generated Ports : Time (s): cpu = 00:01:24 ; elapsed = 00:01:30 . Memory (MB): peak = 1626.902 ; gain = 508.434 ; free physical = 122 ; free virtual = 4467
Finished Handling Custom Attributes : Time (s): cpu = 00:01:25 ; elapsed = 00:01:30 . Memory (MB): peak = 1626.902 ; gain = 508.434 ; free physical = 148 ; free virtual = 4462
Finished Renaming Generated Nets : Time (s): cpu = 00:01:25 ; elapsed = 00:01:30 . Memory (MB): peak = 1626.902 ; gain = 508.434 ; free physical = 148 ; free virtual = 4462

Report Cell Usage: 
+------+------------+------+
|      |Cell        |Count |
+------+------------+------+
|1     |LUT3        |     4|
|2     |LUT4        |     1|
|3     |LUT5        |     1|
|4     |LUT6        |     8|
|5     |RAMB18E1    |     1|
|6     |RAMB36E1    |     1|
|7     |RAMB36E1_1  |     1|
|8     |RAMB36E1_10 |     1|
|9     |RAMB36E1_11 |     1|
|10    |RAMB36E1_12 |     1|
|11    |RAMB36E1_13 |     1|
|12    |RAMB36E1_14 |     1|
|13    |RAMB36E1_15 |     1|
|14    |RAMB36E1_16 |     1|
|15    |RAMB36E1_17 |     1|
|16    |RAMB36E1_18 |     1|
|17    |RAMB36E1_19 |     1|
|18    |RAMB36E1_2  |     1|
|19    |RAMB36E1_20 |     1|
|20    |RAMB36E1_21 |     1|
|21    |RAMB36E1_22 |     1|
|22    |RAMB36E1_23 |     1|
|23    |RAMB36E1_24 |     1|
|24    |RAMB36E1_25 |     1|
|25    |RAMB36E1_26 |     1|
|26    |RAMB36E1_27 |     1|
|27    |RAMB36E1_3  |     1|
|28    |RAMB36E1_4  |     1|
|29    |RAMB36E1_5  |     1|
|30    |RAMB36E1_6  |     1|
|31    |RAMB36E1_7  |     1|
|32    |RAMB36E1_8  |     1|
|33    |RAMB36E1_9  |     1|
|34    |FDRE        |    12|
+------+------------+------+
Finished Writing Synthesis Report : Time (s): cpu = 00:01:25 ; elapsed = 00:01:30 . Memory (MB): peak = 1626.902 ; gain = 508.434 ; free physical = 148 ; free virtual = 4462
synth_design: Time (s): cpu = 00:01:26 ; elapsed = 00:01:32 . Memory (MB): peak = 1626.902 ; gain = 521.020 ; free physical = 227 ; free virtual = 4541
